-- Logs begin at Tue 2014-11-18 04:29:31 UTC, end at Tue 2014-11-18 05:28:31 UTC. --
Nov 18 04:52:00 deis-2 systemd[1]: Starting deis-store-metadata...
Nov 18 04:52:00 deis-2 sh[1774]: Pulling repository deis/store-metadata
Nov 18 04:52:26 deis-2 sh[1774]: Status: Downloaded newer image for deis/store-metadata:v1.0.1
Nov 18 04:52:26 deis-2 systemd[1]: Started deis-store-metadata.
Nov 18 04:52:39 deis-2 sh[1988]: store-metadata: The Ceph filesystem hasn't been created. Trying to obtain the lock to set up...
Nov 18 04:52:40 deis-2 sh[1988]: Error:  100: Key not found (/deis/store/filesystemSetupLock) [4927]
Nov 18 04:52:40 deis-2 sh[1988]: store-metadata: waiting for another metadata to complete setup...
Nov 18 04:52:46 deis-2 sh[1988]: store-metadata: waiting for another metadata to complete setup...
Nov 18 04:52:51 deis-2 sh[1988]: store-metadata: waiting for another metadata to complete setup...
Nov 18 04:52:56 deis-2 sh[1988]: store-metadata: waiting for another metadata to complete setup...
Nov 18 04:53:01 deis-2 sh[1988]: store-metadata: waiting for another metadata to complete setup...
Nov 18 04:53:06 deis-2 sh[1988]: store-metadata: waiting for another metadata to complete setup...
Nov 18 04:53:11 deis-2 sh[1988]: store-metadata: waiting for another metadata to complete setup...
Nov 18 04:53:16 deis-2 sh[1988]: store-metadata: waiting for another metadata to complete setup...
Nov 18 04:53:21 deis-2 sh[1988]: store-metadata: waiting for another metadata to complete setup...
Nov 18 04:53:26 deis-2 sh[1988]: store-metadata: waiting for another metadata to complete setup...
Nov 18 04:53:31 deis-2 sh[1988]: store-metadata: waiting for another metadata to complete setup...
Nov 18 04:53:36 deis-2 sh[1988]: store-metadata: waiting for another metadata to complete setup...
Nov 18 04:53:41 deis-2 sh[1988]: store-metadata: waiting for another metadata to complete setup...
Nov 18 04:53:46 deis-2 sh[1988]: store-metadata: waiting for another metadata to complete setup...
Nov 18 04:53:51 deis-2 sh[1988]: store-metadata: waiting for another metadata to complete setup...
Nov 18 04:53:56 deis-2 sh[1988]: store-metadata: waiting for another metadata to complete setup...
Nov 18 04:54:01 deis-2 sh[1988]: store-metadata: waiting for another metadata to complete setup...
Nov 18 04:54:06 deis-2 sh[1988]: store-metadata: waiting for another metadata to complete setup...
Nov 18 04:54:11 deis-2 sh[1988]: store-metadata: waiting for another metadata to complete setup...
Nov 18 04:54:16 deis-2 sh[1988]: store-metadata: waiting for another metadata to complete setup...
Nov 18 04:54:21 deis-2 sh[1988]: store-metadata: waiting for another metadata to complete setup...
Nov 18 04:54:26 deis-2 sh[1988]: store-metadata: waiting for another metadata to complete setup...
Nov 18 04:54:31 deis-2 sh[1988]: store-metadata: waiting for another metadata to complete setup...
Nov 18 04:54:36 deis-2 sh[1988]: store-metadata: waiting for another metadata to complete setup...
Nov 18 04:54:41 deis-2 sh[1988]: store-metadata: waiting for another metadata to complete setup...
Nov 18 04:54:46 deis-2 sh[1988]: store-metadata: waiting for another metadata to complete setup...
Nov 18 04:54:51 deis-2 sh[1988]: store-metadata: waiting for another metadata to complete setup...
Nov 18 04:54:56 deis-2 sh[1988]: store-metadata: waiting for another metadata to complete setup...
Nov 18 04:55:01 deis-2 sh[1988]: store-metadata: waiting for another metadata to complete setup...
Nov 18 04:55:06 deis-2 sh[1988]: store-metadata: waiting for another metadata to complete setup...
Nov 18 04:55:11 deis-2 sh[1988]: store-metadata: waiting for another metadata to complete setup...
Nov 18 04:55:16 deis-2 sh[1988]: store-metadata: waiting for another metadata to complete setup...
Nov 18 04:55:21 deis-2 sh[1988]: store-metadata: waiting for another metadata to complete setup...
Nov 18 04:55:26 deis-2 sh[1988]: store-metadata: waiting for another metadata to complete setup...
Nov 18 04:55:31 deis-2 sh[1988]: store-metadata: waiting for another metadata to complete setup...
Nov 18 04:55:36 deis-2 sh[1988]: store-metadata: waiting for another metadata to complete setup...
Nov 18 04:55:41 deis-2 sh[1988]: store-metadata: waiting for another metadata to complete setup...
Nov 18 04:55:46 deis-2 sh[1988]: store-metadata: waiting for another metadata to complete setup...
Nov 18 04:55:51 deis-2 sh[1988]: store-metadata: waiting for another metadata to complete setup...
Nov 18 04:55:56 deis-2 sh[1988]: store-metadata: waiting for another metadata to complete setup...
Nov 18 04:56:01 deis-2 sh[1988]: store-metadata: waiting for another metadata to complete setup...
Nov 18 04:56:06 deis-2 sh[1988]: store-metadata: waiting for another metadata to complete setup...
Nov 18 04:56:11 deis-2 sh[1988]: store-metadata: waiting for another metadata to complete setup...
Nov 18 04:56:16 deis-2 sh[1988]: store-metadata: waiting for another metadata to complete setup...
Nov 18 04:56:21 deis-2 sh[1988]: store-metadata: waiting for another metadata to complete setup...
Nov 18 04:56:26 deis-2 sh[1988]: store-metadata: waiting for another metadata to complete setup...
Nov 18 04:56:31 deis-2 sh[1988]: store-metadata: waiting for another metadata to complete setup...
Nov 18 04:56:36 deis-2 sh[1988]: store-metadata: waiting for another metadata to complete setup...
Nov 18 04:56:41 deis-2 sh[1988]: store-metadata: waiting for another metadata to complete setup...
Nov 18 04:56:46 deis-2 sh[1988]: store-metadata: waiting for another metadata to complete setup...
Nov 18 04:56:51 deis-2 sh[1988]: store-metadata: waiting for another metadata to complete setup...
Nov 18 04:56:56 deis-2 sh[1988]: store-metadata: waiting for another metadata to complete setup...
Nov 18 04:57:01 deis-2 sh[1988]: store-metadata: waiting for another metadata to complete setup...
Nov 18 04:57:06 deis-2 sh[1988]: store-metadata: waiting for another metadata to complete setup...
Nov 18 04:57:11 deis-2 sh[1988]: store-metadata: waiting for another metadata to complete setup...
Nov 18 04:57:16 deis-2 sh[1988]: store-metadata: waiting for another metadata to complete setup...
Nov 18 04:57:21 deis-2 sh[1988]: store-metadata: waiting for another metadata to complete setup...
Nov 18 04:57:26 deis-2 sh[1988]: store-metadata: waiting for another metadata to complete setup...
Nov 18 04:57:31 deis-2 sh[1988]: store-metadata: waiting for another metadata to complete setup...
Nov 18 04:57:36 deis-2 sh[1988]: store-metadata: waiting for another metadata to complete setup...
Nov 18 04:57:41 deis-2 sh[1988]: store-metadata: waiting for another metadata to complete setup...
Nov 18 04:57:46 deis-2 sh[1988]: store-metadata: waiting for another metadata to complete setup...
Nov 18 04:57:51 deis-2 sh[1988]: store-metadata: waiting for another metadata to complete setup...
Nov 18 04:57:56 deis-2 sh[1988]: store-metadata: waiting for another metadata to complete setup...
Nov 18 04:58:01 deis-2 sh[1988]: store-metadata: waiting for another metadata to complete setup...
Nov 18 04:58:06 deis-2 sh[1988]: store-metadata: waiting for another metadata to complete setup...
Nov 18 04:58:12 deis-2 sh[1988]: store-metadata: waiting for another metadata to complete setup...
Nov 18 04:58:17 deis-2 sh[1988]: store-metadata: waiting for another metadata to complete setup...
Nov 18 04:58:22 deis-2 sh[1988]: store-metadata: waiting for another metadata to complete setup...
Nov 18 04:58:27 deis-2 sh[1988]: store-metadata: waiting for another metadata to complete setup...
Nov 18 04:58:32 deis-2 sh[1988]: store-metadata: waiting for another metadata to complete setup...
Nov 18 04:58:37 deis-2 sh[1988]: store-metadata: waiting for another metadata to complete setup...
Nov 18 04:58:42 deis-2 sh[1988]: store-metadata: waiting for another metadata to complete setup...
Nov 18 04:58:47 deis-2 sh[1988]: store-metadata: waiting for another metadata to complete setup...
Nov 18 04:58:52 deis-2 sh[1988]: store-metadata: waiting for another metadata to complete setup...
Nov 18 04:58:57 deis-2 sh[1988]: store-metadata: waiting for another metadata to complete setup...
Nov 18 04:59:02 deis-2 sh[1988]: store-metadata: waiting for another metadata to complete setup...
Nov 18 04:59:07 deis-2 sh[1988]: store-metadata: waiting for another metadata to complete setup...
Nov 18 04:59:12 deis-2 sh[1988]: store-metadata: waiting for another metadata to complete setup...
Nov 18 04:59:17 deis-2 sh[1988]: store-metadata: waiting for another metadata to complete setup...
Nov 18 04:59:22 deis-2 sh[1988]: store-metadata: waiting for another metadata to complete setup...
Nov 18 04:59:27 deis-2 sh[1988]: store-metadata: waiting for another metadata to complete setup...
Nov 18 04:59:32 deis-2 sh[1988]: store-metadata: waiting for another metadata to complete setup...
Nov 18 04:59:37 deis-2 sh[1988]: store-metadata: waiting for another metadata to complete setup...
Nov 18 04:59:42 deis-2 sh[1988]: store-metadata: waiting for another metadata to complete setup...
Nov 18 04:59:47 deis-2 sh[1988]: store-metadata: waiting for another metadata to complete setup...
Nov 18 04:59:52 deis-2 sh[1988]: store-metadata: waiting for another metadata to complete setup...
Nov 18 04:59:57 deis-2 sh[1988]: store-metadata: waiting for another metadata to complete setup...
Nov 18 05:00:02 deis-2 sh[1988]: store-metadata: waiting for another metadata to complete setup...
Nov 18 05:00:07 deis-2 sh[1988]: store-metadata: waiting for another metadata to complete setup...
Nov 18 05:00:12 deis-2 sh[1988]: store-metadata: waiting for another metadata to complete setup...
Nov 18 05:00:17 deis-2 sh[1988]: store-metadata: waiting for another metadata to complete setup...
Nov 18 05:00:22 deis-2 sh[1988]: store-metadata: waiting for another metadata to complete setup...
Nov 18 05:00:27 deis-2 sh[1988]: store-metadata: waiting for another metadata to complete setup...
Nov 18 05:00:32 deis-2 sh[1988]: store-metadata: waiting for another metadata to complete setup...
Nov 18 05:00:37 deis-2 sh[1988]: store-metadata: waiting for another metadata to complete setup...
Nov 18 05:00:42 deis-2 sh[1988]: store-metadata: waiting for another metadata to complete setup...
Nov 18 05:00:47 deis-2 sh[1988]: store-metadata: waiting for another metadata to complete setup...
Nov 18 05:00:52 deis-2 sh[1988]: store-metadata: waiting for another metadata to complete setup...
Nov 18 05:00:57 deis-2 sh[1988]: store-metadata: waiting for another metadata to complete setup...
Nov 18 05:01:02 deis-2 sh[1988]: store-metadata: waiting for another metadata to complete setup...
Nov 18 05:01:07 deis-2 sh[1988]: store-metadata: waiting for another metadata to complete setup...
Nov 18 05:01:12 deis-2 sh[1988]: store-metadata: waiting for another metadata to complete setup...
Nov 18 05:01:17 deis-2 sh[1988]: store-metadata: waiting for another metadata to complete setup...
Nov 18 05:01:22 deis-2 sh[1988]: store-metadata: waiting for another metadata to complete setup...
Nov 18 05:01:27 deis-2 sh[1988]: store-metadata: waiting for another metadata to complete setup...
Nov 18 05:01:32 deis-2 sh[1988]: store-metadata: waiting for another metadata to complete setup...
Nov 18 05:01:37 deis-2 sh[1988]: store-metadata: waiting for another metadata to complete setup...
Nov 18 05:01:42 deis-2 sh[1988]: store-metadata: waiting for another metadata to complete setup...
Nov 18 05:01:47 deis-2 sh[1988]: store-metadata: waiting for another metadata to complete setup...
Nov 18 05:01:52 deis-2 sh[1988]: store-metadata: waiting for another metadata to complete setup...
Nov 18 05:01:57 deis-2 sh[1988]: store-metadata: waiting for another metadata to complete setup...
Nov 18 05:02:02 deis-2 sh[1988]: store-metadata: waiting for another metadata to complete setup...
Nov 18 05:02:07 deis-2 sh[1988]: store-metadata: waiting for another metadata to complete setup...
Nov 18 05:02:12 deis-2 sh[1988]: store-metadata: waiting for another metadata to complete setup...
Nov 18 05:02:17 deis-2 sh[1988]: store-metadata: waiting for another metadata to complete setup...
Nov 18 05:02:22 deis-2 sh[1988]: store-metadata: waiting for another metadata to complete setup...
Nov 18 05:02:27 deis-2 sh[1988]: store-metadata: waiting for another metadata to complete setup...
Nov 18 05:02:32 deis-2 sh[1988]: store-metadata: waiting for another metadata to complete setup...
Nov 18 05:02:37 deis-2 sh[1988]: store-metadata: waiting for another metadata to complete setup...
Nov 18 05:02:42 deis-2 sh[1988]: store-metadata: waiting for another metadata to complete setup...
Nov 18 05:02:47 deis-2 sh[1988]: store-metadata: waiting for another metadata to complete setup...
Nov 18 05:02:52 deis-2 sh[1988]: store-metadata: waiting for another metadata to complete setup...
Nov 18 05:02:57 deis-2 sh[1988]: store-metadata: waiting for another metadata to complete setup...
Nov 18 05:03:02 deis-2 sh[1988]: store-metadata: waiting for another metadata to complete setup...
Nov 18 05:03:07 deis-2 sh[1988]: store-metadata: waiting for another metadata to complete setup...
Nov 18 05:03:12 deis-2 sh[1988]: store-metadata: waiting for another metadata to complete setup...
Nov 18 05:03:17 deis-2 sh[1988]: store-metadata: waiting for another metadata to complete setup...
Nov 18 05:03:22 deis-2 sh[1988]: store-metadata: waiting for another metadata to complete setup...
Nov 18 05:03:27 deis-2 sh[1988]: store-metadata: waiting for another metadata to complete setup...
Nov 18 05:03:33 deis-2 sh[1988]: store-metadata: waiting for another metadata to complete setup...
Nov 18 05:03:38 deis-2 sh[1988]: store-metadata: waiting for another metadata to complete setup...
Nov 18 05:03:43 deis-2 sh[1988]: store-metadata: waiting for another metadata to complete setup...
Nov 18 05:03:48 deis-2 sh[1988]: store-metadata: waiting for another metadata to complete setup...
Nov 18 05:03:53 deis-2 sh[1988]: store-metadata: waiting for another metadata to complete setup...
Nov 18 05:03:58 deis-2 sh[1988]: store-metadata: waiting for another metadata to complete setup...
Nov 18 05:04:03 deis-2 sh[1988]: store-metadata: waiting for another metadata to complete setup...
Nov 18 05:04:08 deis-2 sh[1988]: store-metadata: waiting for another metadata to complete setup...
Nov 18 05:04:13 deis-2 sh[1988]: store-metadata: waiting for another metadata to complete setup...
Nov 18 05:04:18 deis-2 sh[1988]: store-metadata: waiting for another metadata to complete setup...
Nov 18 05:04:23 deis-2 sh[1988]: store-metadata: waiting for another metadata to complete setup...
Nov 18 05:04:28 deis-2 sh[1988]: store-metadata: waiting for another metadata to complete setup...
Nov 18 05:04:33 deis-2 sh[1988]: store-metadata: waiting for another metadata to complete setup...
Nov 18 05:04:38 deis-2 sh[1988]: store-metadata: waiting for another metadata to complete setup...
Nov 18 05:04:43 deis-2 sh[1988]: store-metadata: waiting for another metadata to complete setup...
Nov 18 05:04:48 deis-2 sh[1988]: store-metadata: waiting for another metadata to complete setup...
Nov 18 05:04:53 deis-2 sh[1988]: store-metadata: waiting for another metadata to complete setup...
Nov 18 05:04:58 deis-2 sh[1988]: store-metadata: waiting for another metadata to complete setup...
Nov 18 05:05:03 deis-2 sh[1988]: store-metadata: waiting for another metadata to complete setup...
Nov 18 05:05:08 deis-2 sh[1988]: store-metadata: waiting for another metadata to complete setup...
Nov 18 05:05:13 deis-2 sh[1988]: store-metadata: waiting for another metadata to complete setup...
Nov 18 05:05:18 deis-2 systemd[1]: Stopping deis-store-metadata...
Nov 18 05:05:18 deis-2 sh[1988]: 2014/11/18 05:05:18 Post http:///var/run/docker.sock/v1.15/containers/beb4755f0afecf5a0cb5169d1e17cf61a627041ca32efb7889cb42523635753c/wait: read unix /var/run/docker.sock: connection reset by peer
Nov 18 05:05:18 deis-2 systemd[1]: Stopped deis-store-metadata.
Nov 18 05:05:18 deis-2 docker[3357]: Post http:///var/run/docker.sock/v1.15/containers/deis-store-metadata/stop?t=10: net/http: transport closed before response was received
Nov 18 05:05:18 deis-2 docker[3357]: 2014/11/18 05:05:18 Error: failed to stop one or more containers
-- Reboot --
Nov 18 05:05:54 deis-2 systemd[1]: Starting deis-store-metadata...
Nov 18 05:05:57 deis-2 sh[958]: deis-store-metadata
Nov 18 05:05:57 deis-2 systemd[1]: Started deis-store-metadata.
Nov 18 05:05:59 deis-2 sh[1010]: store-metadata: The Ceph filesystem hasn't been created. Trying to obtain the lock to set up...
Nov 18 05:05:59 deis-2 sh[1010]: store-metadata: obtained the lock to proceed with setting up.
Nov 18 05:06:01 deis-2 sh[1010]: 2014-11-18 05:06:01.354173 7fbf8040e700  0 -- :/1000034 >> 172.17.8.102:6789/0 pipe(0x7fbf780296a0 sd=4 :0 s=1 pgs=0 cs=0 l=1 c=0x7fbf78029930).fault
Nov 18 05:06:03 deis-2 sh[1010]: 2014-11-18 05:06:03.077366 7fbf8030d700  0 -- :/1000034 >> 172.17.8.101:6789/0 pipe(0x7fbf68000c00 sd=4 :0 s=1 pgs=0 cs=0 l=1 c=0x7fbf68000e90).fault
Nov 18 05:06:06 deis-2 sh[1010]: 2014-11-18 05:06:06.078654 7fbf8040e700  0 -- :/1000034 >> 172.17.8.102:6789/0 pipe(0x7fbf680030e0 sd=4 :0 s=1 pgs=0 cs=0 l=1 c=0x7fbf68003370).fault
Nov 18 05:06:11 deis-2 sh[1010]: 2014-11-18 05:06:11.078252 7ff5ee7fc700  0 -- :/1000071 >> 172.17.8.102:6789/0 pipe(0x7ff5f00296a0 sd=4 :0 s=1 pgs=0 cs=0 l=1 c=0x7ff5f0029930).fault
Nov 18 05:06:11 deis-2 sh[1010]: 2014-11-18 05:06:11.078252 7ff5ee7fc700  0 -- :/1000071 >> 172.17.8.102:6789/0 pipe(0x7ff5f00296a0 sd=4 :0 s=1 pgs=0 cs=0 l=1 c=0x7ff5f0029930).fault
Nov 18 05:06:12 deis-2 sh[1010]: pool 'data' created
Nov 18 05:06:13 deis-2 sh[1010]: pool 'metadata' created
Nov 18 05:06:14 deis-2 sh[1010]: No filesystems enabled
Nov 18 05:06:14 deis-2 sh[1010]: new fs with metadata pool 2 and data pool 1
Nov 18 05:06:14 deis-2 sh[1010]: store-metadata: filesystem setup complete.
Nov 18 05:06:15 deis-2 sh[1010]: store-metadata: running...
Nov 18 05:06:15 deis-2 sh[1010]: starting mds.deis-2 at :/0
Nov 18 05:06:15 deis-2 sh[1010]: 2014-11-18 05:06:15.198172 7ff964032800  0 ceph version 0.87 (c51c8f9d80fa4e0168aa52685b8de40e42758578), process ceph-mds, pid 1
Nov 18 05:06:15 deis-2 sh[1010]: 2014-11-18 05:06:15.686605 7ff95e41e700  1 mds.0.1 handle_mds_map i am now mds.0.1
Nov 18 05:06:15 deis-2 sh[1010]: 2014-11-18 05:06:15.686607 7ff95e41e700  1 mds.0.1 handle_mds_map state change down:dne --> up:creating
Nov 18 05:06:15 deis-2 sh[1010]: 2014-11-18 05:06:15.686875 7ff95e41e700  0 mds.0.cache creating system inode with ino:1
Nov 18 05:06:15 deis-2 sh[1010]: 2014-11-18 05:06:15.687048 7ff95e41e700  0 mds.0.cache creating system inode with ino:100
Nov 18 05:06:15 deis-2 sh[1010]: 2014-11-18 05:06:15.687059 7ff95e41e700  0 mds.0.cache creating system inode with ino:600
Nov 18 05:06:15 deis-2 sh[1010]: 2014-11-18 05:06:15.687192 7ff95e41e700  0 mds.0.cache creating system inode with ino:601
Nov 18 05:06:15 deis-2 sh[1010]: 2014-11-18 05:06:15.687274 7ff95e41e700  0 mds.0.cache creating system inode with ino:602
Nov 18 05:06:15 deis-2 sh[1010]: 2014-11-18 05:06:15.687313 7ff95e41e700  0 mds.0.cache creating system inode with ino:603
Nov 18 05:06:15 deis-2 sh[1010]: 2014-11-18 05:06:15.687337 7ff95e41e700  0 mds.0.cache creating system inode with ino:604
Nov 18 05:06:15 deis-2 sh[1010]: 2014-11-18 05:06:15.687387 7ff95e41e700  0 mds.0.cache creating system inode with ino:605
Nov 18 05:06:15 deis-2 sh[1010]: 2014-11-18 05:06:15.687410 7ff95e41e700  0 mds.0.cache creating system inode with ino:606
Nov 18 05:06:15 deis-2 sh[1010]: 2014-11-18 05:06:15.687446 7ff95e41e700  0 mds.0.cache creating system inode with ino:607
Nov 18 05:06:15 deis-2 sh[1010]: 2014-11-18 05:06:15.687467 7ff95e41e700  0 mds.0.cache creating system inode with ino:608
Nov 18 05:06:15 deis-2 sh[1010]: 2014-11-18 05:06:15.687511 7ff95e41e700  0 mds.0.cache creating system inode with ino:609
Nov 18 05:06:15 deis-2 sh[1010]: 2014-11-18 05:06:15.687532 7ff95e41e700  0 mds.0.cache creating system inode with ino:200
Nov 18 05:06:15 deis-2 sh[1010]: 2014-11-18 05:06:15.688125 7ff95e41e700  0 mds.0.1 unrecognized message osd_op(mds.0.1:3 1.00000000 [??? 1~0,omap-set-header 0~222] 2.6b2cdaff ondisk+write+known_if_redirected e14) v4
Nov 18 05:06:15 deis-2 sh[1010]: 2014-11-18 05:06:15.688130 7ff95e41e700  0 ms_deliver_dispatch: unhandled message 0x4dffe00 osd_op(mds.0.1:3 1.00000000 [??? 1~0,omap-set-header 0~222] 2.6b2cdaff ondisk+write+known_if_redirected e14) v4 from mds.0 172.17.8.101:6800/1
Nov 18 05:06:15 deis-2 sh[1010]: 2014-11-18 05:06:15.688144 7ff95e41e700  0 mds.0.1 unrecognized message osd_op(mds.0.1:9 604.00000000 [??? 1~0,omap-set-header 0~222] 2.43e85c95 ondisk+write+known_if_redirected e14) v4
Nov 18 05:06:15 deis-2 sh[1010]: 2014-11-18 05:06:15.688147 7ff95e41e700  0 ms_deliver_dispatch: unhandled message 0x4e00080 osd_op(mds.0.1:9 604.00000000 [??? 1~0,omap-set-header 0~222] 2.43e85c95 ondisk+write+known_if_redirected e14) v4 from mds.0 172.17.8.101:6800/1
Nov 18 05:06:15 deis-2 sh[1010]: 2014-11-18 05:06:15.688157 7ff95e41e700  0 mds.0.1 unrecognized message osd_op(mds.0.1:12 607.00000000 [??? 1~0,omap-set-header 0~222] 2.bb590b7c ondisk+write+known_if_redirected e14) v4
Nov 18 05:06:15 deis-2 sh[1010]: 2014-11-18 05:06:15.688159 7ff95e41e700  0 ms_deliver_dispatch: unhandled message 0x4e00f80 osd_op(mds.0.1:12 607.00000000 [??? 1~0,omap-set-header 0~222] 2.bb590b7c ondisk+write+known_if_redirected e14) v4 from mds.0 172.17.8.101:6800/1
Nov 18 05:06:15 deis-2 sh[1010]: 2014-11-18 05:06:15.688181 7ff95e41e700  0 mds.0.1 unrecognized message osd_op(mds.0.1:15 100.00000000 [??? 1~0,omap-set-header 0~222,omap-set-vals 0~4372] 2.c5265ab3 ondisk+write+known_if_redirected e14) v4
Nov 18 05:06:15 deis-2 sh[1010]: 2014-11-18 05:06:15.688185 7ff95e41e700  0 ms_deliver_dispatch: unhandled message 0x4e01c00 osd_op(mds.0.1:15 100.00000000 [??? 1~0,omap-set-header 0~222,omap-set-vals 0~4372] 2.c5265ab3 ondisk+write+known_if_redirected e14) v4 from mds.0 172.17.8.101:6800/1
Nov 18 05:06:15 deis-2 sh[1010]: 2014-11-18 05:06:15.688197 7ff95e41e700  0 mds.0.1 unrecognized message osd_op(mds.0.1:1 200.00000000 [writefull 0~90] 2.844f3494 ondisk+write+known_if_redirected e14) v4
Nov 18 05:06:15 deis-2 sh[1010]: 2014-11-18 05:06:15.688200 7ff95e41e700  0 ms_deliver_dispatch: unhandled message 0x4dff680 osd_op(mds.0.1:1 200.00000000 [writefull 0~90] 2.844f3494 ondisk+write+known_if_redirected e14) v4 from mds.0 172.17.8.101:6800/1
Nov 18 05:06:15 deis-2 sh[1010]: 2014-11-18 05:06:15.688209 7ff95e41e700  0 mds.0.1 unrecognized message osd_op(mds.0.1:2 400.00000000 [writefull 0~22] 2.64e96f8f ondisk+write+known_if_redirected e14) v4
Nov 18 05:06:15 deis-2 sh[1010]: 2014-11-18 05:06:15.688225 7ff95e41e700  0 ms_deliver_dispatch: unhandled message 0x4dff400 osd_op(mds.0.1:2 400.00000000 [writefull 0~22] 2.64e96f8f ondisk+write+known_if_redirected e14) v4 from mds.0 172.17.8.101:6800/1
Nov 18 05:06:15 deis-2 sh[1010]: 2014-11-18 05:06:15.688246 7ff95e41e700  0 mds.0.1 unrecognized message osd_op(mds.0.1:4 1.00000000.inode [writefull 0~452] 2.232c0e14 ondisk+write+known_if_redirected e14) v4
Nov 18 05:06:15 deis-2 sh[1010]: 2014-11-18 05:06:15.688248 7ff95e41e700  0 ms_deliver_dispatch: unhandled message 0x4dffb80 osd_op(mds.0.1:4 1.00000000.inode [writefull 0~452] 2.232c0e14 ondisk+write+known_if_redirected e14) v4 from mds.0 172.17.8.101:6800/1
Nov 18 05:06:15 deis-2 sh[1010]: 2014-11-18 05:06:15.688257 7ff95e41e700  0 mds.0.1 unrecognized message osd_op(mds.0.1:16 100.00000000.inode [writefull 0~452] 2.85dde07f ondisk+write+known_if_redirected e14) v4
Nov 18 05:06:15 deis-2 sh[1010]: 2014-11-18 05:06:15.688260 7ff95e41e700  0 ms_deliver_dispatch: unhandled message 0x4e01980 osd_op(mds.0.1:16 100.00000000.inode [writefull 0~452] 2.85dde07f ondisk+write+known_if_redirected e14) v4 from mds.0 172.17.8.101:6800/1
Nov 18 05:06:15 deis-2 sh[1010]: 2014-11-18 05:06:15.688269 7ff95e41e700  0 mds.0.1 unrecognized message osd_op(mds.0.1:19 mds_snaptable [writefull 0~46] 2.d90270ad ondisk+write+known_if_redirected e14) v4
Nov 18 05:06:15 deis-2 sh[1010]: 2014-11-18 05:06:15.688272 7ff95e41e700  0 ms_deliver_dispatch: unhandled message 0x4e74c80 osd_op(mds.0.1:19 mds_snaptable [writefull 0~46] 2.d90270ad ondisk+write+known_if_redirected e14) v4 from mds.0 172.17.8.101:6800/1
Nov 18 05:06:15 deis-2 sh[1010]: 2014-11-18 05:06:15.688815 7ff95e41e700  0 mds.0.1 unrecognized message osd_op(mds.0.1:24 200.00000005 [delete] 2.96d5827a ondisk+write+known_if_redirected e14) v4
Nov 18 05:06:15 deis-2 sh[1010]: 2014-11-18 05:06:15.688818 7ff95e41e700  0 ms_deliver_dispatch: unhandled message 0x4e74000 osd_op(mds.0.1:24 200.00000005 [delete] 2.96d5827a ondisk+write+known_if_redirected e14) v4 from mds.0 172.17.8.101:6800/1
Nov 18 05:06:15 deis-2 sh[1010]: 2014-11-18 05:06:15.689579 7ff958a11700  0 -- 172.17.8.101:6800/1 >> 172.17.8.100:6800/1 pipe(0x4db98c0 sd=16 :0 s=1 pgs=0 cs=0 l=1 c=0x4daa260).fault
Nov 18 05:06:15 deis-2 sh[1010]: 2014-11-18 05:06:15.689717 7ff958b12700  0 -- 172.17.8.101:6800/1 >> 172.17.8.102:6800/1 pipe(0x4db9340 sd=17 :0 s=1 pgs=0 cs=0 l=1 c=0x4daa520).fault
Nov 18 05:06:18 deis-2 sh[1010]: 2014-11-18 05:06:18.710662 7ff958b12700  0 cephx: verify_reply couldn't decrypt with error: error decoding block for decryption
Nov 18 05:06:18 deis-2 sh[1010]: 2014-11-18 05:06:18.710696 7ff958b12700  0 -- 172.17.8.101:6800/1 >> 172.17.8.102:6800/1 pipe(0x4db9340 sd=17 :35997 s=1 pgs=0 cs=0 l=1 c=0x4daa520).failed verifying authorize reply
Nov 18 05:06:21 deis-2 sh[1010]: 2014-11-18 05:06:21.915343 7ff958b12700  0 cephx: verify_reply couldn't decrypt with error: error decoding block for decryption
Nov 18 05:06:21 deis-2 sh[1010]: 2014-11-18 05:06:21.915373 7ff958b12700  0 -- 172.17.8.101:6800/1 >> 172.17.8.102:6800/1 pipe(0x4db9340 sd=17 :36078 s=1 pgs=0 cs=0 l=1 c=0x4daa520).failed verifying authorize reply
Nov 18 05:06:21 deis-2 sh[1010]: 2014-11-18 05:06:21.918803 7ff958a11700  0 cephx: verify_reply couldn't decrypt with error: error decoding block for decryption
Nov 18 05:06:21 deis-2 sh[1010]: 2014-11-18 05:06:21.918887 7ff958a11700  0 -- 172.17.8.101:6800/1 >> 172.17.8.100:6800/1 pipe(0x4db98c0 sd=16 :34627 s=1 pgs=0 cs=0 l=1 c=0x4daa260).failed verifying authorize reply
Nov 18 05:06:26 deis-2 sh[1010]: 2014-11-18 05:06:26.876210 7ff95e41e700  0 monclient: hunting for new mon
Nov 18 05:06:26 deis-2 systemd[1]: Stopping deis-store-metadata...
Nov 18 05:06:26 deis-2 sh[1010]: 2014-11-18 05:06:26.933093 7ff959b14700 -1 mds.0.1 *** got signal Terminated ***
Nov 18 05:06:26 deis-2 sh[1010]: 2014-11-18 05:06:26.933134 7ff959b14700  1 mds.0.1 suicide.  wanted down:dne, now up:creating
Nov 18 05:06:27 deis-2 systemd[1]: Stopped deis-store-metadata.
Nov 18 05:06:27 deis-2 docker[1823]: Error response from daemon: No such container: deis-store-metadata
Nov 18 05:06:27 deis-2 docker[1823]: 2014/11/18 05:06:27 Error: failed to stop one or more containers
Nov 18 05:07:07 deis-2 systemd[1]: Starting deis-store-metadata...
Nov 18 05:07:07 deis-2 systemd[1]: Started deis-store-metadata.
Nov 18 05:07:09 deis-2 sh[2225]: store-metadata: running...
Nov 18 05:07:09 deis-2 sh[2225]: starting mds.deis-2 at :/0
Nov 18 05:07:09 deis-2 sh[2225]: 2014-11-18 05:07:09.117147 7fc172d63800  0 ceph version 0.87 (c51c8f9d80fa4e0168aa52685b8de40e42758578), process ceph-mds, pid 1
Nov 18 05:07:09 deis-2 sh[2225]: 2014-11-18 05:07:09.686102 7fc16d14f700  1 mds.-1.0 handle_mds_map standby
Nov 18 05:07:09 deis-2 sh[2225]: 2014-11-18 05:07:09.719280 7fc16d14f700  1 mds.-1.0 handle_mds_map standby
