-- Logs begin at Tue 2014-11-18 04:29:31 UTC, end at Tue 2014-11-18 05:28:31 UTC. --
Nov 18 05:07:11 deis-2 systemd[1]: Starting deis-store-volume...
Nov 18 05:07:11 deis-2 sh[2331]: waiting for store-monitor...
Nov 18 05:08:42 deis-2 systemd[1]: deis-store-volume.service start-pre operation timed out. Terminating.
Nov 18 05:08:42 deis-2 systemd[1]: Failed to start deis-store-volume.
Nov 18 05:08:42 deis-2 systemd[1]: Unit deis-store-volume.service entered failed state.
Nov 18 05:08:47 deis-2 systemd[1]: deis-store-volume.service holdoff time over, scheduling restart.
Nov 18 05:08:47 deis-2 systemd[1]: Stopping deis-store-volume...
Nov 18 05:08:47 deis-2 systemd[1]: Starting deis-store-volume...
Nov 18 05:08:47 deis-2 sh[2446]: waiting for store-monitor...
Nov 18 05:10:19 deis-2 systemd[1]: deis-store-volume.service start-pre operation timed out. Terminating.
Nov 18 05:10:19 deis-2 systemd[1]: Failed to start deis-store-volume.
Nov 18 05:10:19 deis-2 systemd[1]: Unit deis-store-volume.service entered failed state.
Nov 18 05:10:25 deis-2 systemd[1]: deis-store-volume.service holdoff time over, scheduling restart.
Nov 18 05:10:25 deis-2 systemd[1]: Stopping deis-store-volume...
Nov 18 05:10:25 deis-2 systemd[1]: Starting deis-store-volume...
Nov 18 05:10:25 deis-2 sh[3256]: waiting for store-monitor...
Nov 18 05:10:25 deis-2 bash[3263]: cut: write error: Broken pipe
Nov 18 05:11:55 deis-2 systemd[1]: deis-store-volume.service start-pre operation timed out. Terminating.
Nov 18 05:11:55 deis-2 systemd[1]: Failed to start deis-store-volume.
Nov 18 05:11:55 deis-2 systemd[1]: Unit deis-store-volume.service entered failed state.
Nov 18 05:12:00 deis-2 systemd[1]: deis-store-volume.service holdoff time over, scheduling restart.
Nov 18 05:12:00 deis-2 systemd[1]: Stopping deis-store-volume...
Nov 18 05:12:00 deis-2 systemd[1]: Starting deis-store-volume...
Nov 18 05:12:00 deis-2 sh[3901]: waiting for store-monitor...
Nov 18 05:13:30 deis-2 systemd[1]: deis-store-volume.service start-pre operation timed out. Terminating.
Nov 18 05:13:30 deis-2 systemd[1]: Failed to start deis-store-volume.
Nov 18 05:13:30 deis-2 systemd[1]: Unit deis-store-volume.service entered failed state.
Nov 18 05:13:35 deis-2 systemd[1]: deis-store-volume.service holdoff time over, scheduling restart.
Nov 18 05:13:35 deis-2 systemd[1]: Stopping deis-store-volume...
Nov 18 05:13:35 deis-2 systemd[1]: Starting deis-store-volume...
Nov 18 05:13:35 deis-2 sh[4550]: waiting for store-monitor...
Nov 18 05:13:35 deis-2 bash[4556]: cut: write error: Broken pipe
Nov 18 05:15:05 deis-2 systemd[1]: deis-store-volume.service start-pre operation timed out. Terminating.
Nov 18 05:15:05 deis-2 systemd[1]: Failed to start deis-store-volume.
Nov 18 05:15:05 deis-2 systemd[1]: Unit deis-store-volume.service entered failed state.
Nov 18 05:15:11 deis-2 systemd[1]: deis-store-volume.service holdoff time over, scheduling restart.
Nov 18 05:15:11 deis-2 systemd[1]: Stopping deis-store-volume...
Nov 18 05:15:11 deis-2 systemd[1]: Starting deis-store-volume...
Nov 18 05:15:11 deis-2 sh[5172]: waiting for store-monitor...
Nov 18 05:15:11 deis-2 bash[5178]: cut: write error: Broken pipe
Nov 18 05:16:41 deis-2 systemd[1]: deis-store-volume.service start-pre operation timed out. Terminating.
Nov 18 05:16:41 deis-2 systemd[1]: Failed to start deis-store-volume.
Nov 18 05:16:41 deis-2 systemd[1]: Unit deis-store-volume.service entered failed state.
Nov 18 05:16:46 deis-2 systemd[1]: deis-store-volume.service holdoff time over, scheduling restart.
Nov 18 05:16:46 deis-2 systemd[1]: Stopping deis-store-volume...
Nov 18 05:16:46 deis-2 systemd[1]: Starting deis-store-volume...
Nov 18 05:16:46 deis-2 sh[5810]: waiting for store-monitor...
Nov 18 05:16:46 deis-2 bash[5816]: cut: write error: Broken pipe
Nov 18 05:18:16 deis-2 systemd[1]: deis-store-volume.service start-pre operation timed out. Terminating.
Nov 18 05:18:16 deis-2 systemd[1]: Failed to start deis-store-volume.
Nov 18 05:18:16 deis-2 systemd[1]: Unit deis-store-volume.service entered failed state.
Nov 18 05:18:21 deis-2 systemd[1]: deis-store-volume.service holdoff time over, scheduling restart.
Nov 18 05:18:21 deis-2 systemd[1]: Stopping deis-store-volume...
Nov 18 05:18:21 deis-2 systemd[1]: Starting deis-store-volume...
Nov 18 05:18:21 deis-2 sh[6468]: waiting for store-monitor...
Nov 18 05:19:52 deis-2 systemd[1]: deis-store-volume.service start-pre operation timed out. Terminating.
Nov 18 05:19:52 deis-2 systemd[1]: Failed to start deis-store-volume.
Nov 18 05:19:52 deis-2 systemd[1]: Unit deis-store-volume.service entered failed state.
Nov 18 05:19:57 deis-2 systemd[1]: deis-store-volume.service holdoff time over, scheduling restart.
Nov 18 05:19:57 deis-2 systemd[1]: Stopping deis-store-volume...
Nov 18 05:19:57 deis-2 systemd[1]: Starting deis-store-volume...
Nov 18 05:19:57 deis-2 sh[7101]: waiting for store-monitor...
Nov 18 05:19:57 deis-2 bash[7107]: cut: write error: Broken pipe
Nov 18 05:21:27 deis-2 systemd[1]: deis-store-volume.service start-pre operation timed out. Terminating.
Nov 18 05:21:27 deis-2 systemd[1]: Failed to start deis-store-volume.
Nov 18 05:21:27 deis-2 systemd[1]: Unit deis-store-volume.service entered failed state.
Nov 18 05:21:32 deis-2 systemd[1]: deis-store-volume.service holdoff time over, scheduling restart.
Nov 18 05:21:32 deis-2 systemd[1]: Stopping deis-store-volume...
Nov 18 05:21:32 deis-2 systemd[1]: Starting deis-store-volume...
Nov 18 05:21:32 deis-2 sh[7724]: waiting for store-monitor...
Nov 18 05:21:32 deis-2 bash[7730]: cut: write error: Broken pipe
Nov 18 05:23:02 deis-2 systemd[1]: deis-store-volume.service start-pre operation timed out. Terminating.
Nov 18 05:23:02 deis-2 systemd[1]: Failed to start deis-store-volume.
Nov 18 05:23:02 deis-2 systemd[1]: Unit deis-store-volume.service entered failed state.
Nov 18 05:23:07 deis-2 systemd[1]: deis-store-volume.service holdoff time over, scheduling restart.
Nov 18 05:23:07 deis-2 systemd[1]: Stopping deis-store-volume...
Nov 18 05:23:07 deis-2 systemd[1]: Starting deis-store-volume...
Nov 18 05:23:07 deis-2 sh[8418]: waiting for store-monitor...
Nov 18 05:23:08 deis-2 bash[8424]: cut: write error: Broken pipe
Nov 18 05:24:38 deis-2 systemd[1]: deis-store-volume.service start-pre operation timed out. Terminating.
Nov 18 05:24:38 deis-2 systemd[1]: Failed to start deis-store-volume.
Nov 18 05:24:38 deis-2 systemd[1]: Unit deis-store-volume.service entered failed state.
Nov 18 05:24:43 deis-2 systemd[1]: deis-store-volume.service holdoff time over, scheduling restart.
Nov 18 05:24:43 deis-2 systemd[1]: Stopping deis-store-volume...
Nov 18 05:24:43 deis-2 systemd[1]: Starting deis-store-volume...
Nov 18 05:24:43 deis-2 sh[9044]: waiting for store-monitor...
Nov 18 05:24:43 deis-2 bash[9050]: cut: write error: Broken pipe
Nov 18 05:26:13 deis-2 systemd[1]: deis-store-volume.service start-pre operation timed out. Terminating.
Nov 18 05:26:13 deis-2 systemd[1]: Failed to start deis-store-volume.
Nov 18 05:26:13 deis-2 systemd[1]: Unit deis-store-volume.service entered failed state.
Nov 18 05:26:18 deis-2 systemd[1]: deis-store-volume.service holdoff time over, scheduling restart.
Nov 18 05:26:18 deis-2 systemd[1]: Stopping deis-store-volume...
Nov 18 05:26:18 deis-2 systemd[1]: Starting deis-store-volume...
Nov 18 05:26:18 deis-2 sh[9672]: waiting for store-monitor...
Nov 18 05:26:18 deis-2 bash[9678]: cut: write error: Broken pipe
Nov 18 05:27:48 deis-2 systemd[1]: deis-store-volume.service start-pre operation timed out. Terminating.
Nov 18 05:27:48 deis-2 systemd[1]: Failed to start deis-store-volume.
Nov 18 05:27:48 deis-2 systemd[1]: Unit deis-store-volume.service entered failed state.
Nov 18 05:27:53 deis-2 systemd[1]: deis-store-volume.service holdoff time over, scheduling restart.
Nov 18 05:27:53 deis-2 systemd[1]: Stopping deis-store-volume...
Nov 18 05:27:53 deis-2 systemd[1]: Starting deis-store-volume...
Nov 18 05:27:53 deis-2 sh[10327]: waiting for store-monitor...
Nov 18 05:27:54 deis-2 bash[10334]: cut: write error: Broken pipe
