-- Logs begin at Tue 2014-11-18 04:29:02 UTC, end at Tue 2014-11-18 05:25:19 UTC. --
Nov 18 05:07:12 deis-1 systemd[1]: Starting deis-store-volume...
Nov 18 05:07:12 deis-1 sh[2255]: waiting for store-monitor...
Nov 18 05:07:12 deis-1 bash[2263]: cut: write error: Broken pipe
Nov 18 05:08:44 deis-1 systemd[1]: deis-store-volume.service start-pre operation timed out. Terminating.
Nov 18 05:08:44 deis-1 systemd[1]: Failed to start deis-store-volume.
Nov 18 05:08:44 deis-1 systemd[1]: Unit deis-store-volume.service entered failed state.
Nov 18 05:08:49 deis-1 systemd[1]: deis-store-volume.service holdoff time over, scheduling restart.
Nov 18 05:08:49 deis-1 systemd[1]: Stopping deis-store-volume...
Nov 18 05:08:49 deis-1 systemd[1]: Starting deis-store-volume...
Nov 18 05:08:49 deis-1 sh[2333]: waiting for store-monitor...
Nov 18 05:10:20 deis-1 systemd[1]: deis-store-volume.service start-pre operation timed out. Terminating.
Nov 18 05:10:20 deis-1 systemd[1]: Failed to start deis-store-volume.
Nov 18 05:10:20 deis-1 systemd[1]: Unit deis-store-volume.service entered failed state.
Nov 18 05:10:25 deis-1 systemd[1]: deis-store-volume.service holdoff time over, scheduling restart.
Nov 18 05:10:25 deis-1 systemd[1]: Stopping deis-store-volume...
Nov 18 05:10:25 deis-1 systemd[1]: Starting deis-store-volume...
Nov 18 05:10:25 deis-1 sh[2407]: waiting for store-monitor...
Nov 18 05:10:25 deis-1 bash[2414]: cut: write error: Broken pipe
Nov 18 05:11:55 deis-1 systemd[1]: deis-store-volume.service start-pre operation timed out. Terminating.
Nov 18 05:11:55 deis-1 systemd[1]: Failed to start deis-store-volume.
Nov 18 05:11:55 deis-1 systemd[1]: Unit deis-store-volume.service entered failed state.
Nov 18 05:12:00 deis-1 systemd[1]: deis-store-volume.service holdoff time over, scheduling restart.
Nov 18 05:12:00 deis-1 systemd[1]: Stopping deis-store-volume...
Nov 18 05:12:00 deis-1 systemd[1]: Starting deis-store-volume...
Nov 18 05:12:00 deis-1 sh[2486]: waiting for store-monitor...
Nov 18 05:12:00 deis-1 bash[2492]: cut: write error: Broken pipe
Nov 18 05:13:31 deis-1 systemd[1]: deis-store-volume.service start-pre operation timed out. Terminating.
Nov 18 05:13:31 deis-1 systemd[1]: Failed to start deis-store-volume.
Nov 18 05:13:31 deis-1 systemd[1]: Unit deis-store-volume.service entered failed state.
Nov 18 05:13:36 deis-1 systemd[1]: deis-store-volume.service holdoff time over, scheduling restart.
Nov 18 05:13:36 deis-1 systemd[1]: Stopping deis-store-volume...
Nov 18 05:13:36 deis-1 systemd[1]: Starting deis-store-volume...
Nov 18 05:13:36 deis-1 sh[2542]: waiting for store-monitor...
Nov 18 05:13:36 deis-1 bash[2548]: cut: write error: Broken pipe
Nov 18 05:15:06 deis-1 systemd[1]: deis-store-volume.service start-pre operation timed out. Terminating.
Nov 18 05:15:06 deis-1 systemd[1]: Failed to start deis-store-volume.
Nov 18 05:15:06 deis-1 systemd[1]: Unit deis-store-volume.service entered failed state.
Nov 18 05:15:11 deis-1 systemd[1]: deis-store-volume.service holdoff time over, scheduling restart.
Nov 18 05:15:11 deis-1 systemd[1]: Stopping deis-store-volume...
Nov 18 05:15:11 deis-1 systemd[1]: Starting deis-store-volume...
Nov 18 05:15:11 deis-1 sh[2594]: waiting for store-monitor...
Nov 18 05:16:42 deis-1 systemd[1]: deis-store-volume.service start-pre operation timed out. Terminating.
Nov 18 05:16:42 deis-1 systemd[1]: Failed to start deis-store-volume.
Nov 18 05:16:42 deis-1 systemd[1]: Unit deis-store-volume.service entered failed state.
Nov 18 05:16:47 deis-1 systemd[1]: deis-store-volume.service holdoff time over, scheduling restart.
Nov 18 05:16:47 deis-1 systemd[1]: Stopping deis-store-volume...
Nov 18 05:16:47 deis-1 systemd[1]: Starting deis-store-volume...
Nov 18 05:16:47 deis-1 sh[2656]: waiting for store-monitor...
Nov 18 05:18:17 deis-1 systemd[1]: deis-store-volume.service start-pre operation timed out. Terminating.
Nov 18 05:18:17 deis-1 systemd[1]: Failed to start deis-store-volume.
Nov 18 05:18:17 deis-1 systemd[1]: Unit deis-store-volume.service entered failed state.
Nov 18 05:18:22 deis-1 systemd[1]: deis-store-volume.service holdoff time over, scheduling restart.
Nov 18 05:18:22 deis-1 systemd[1]: Stopping deis-store-volume...
Nov 18 05:18:22 deis-1 systemd[1]: Starting deis-store-volume...
Nov 18 05:18:22 deis-1 sh[2721]: waiting for store-monitor...
Nov 18 05:18:22 deis-1 bash[2727]: cut: write error: Broken pipe
Nov 18 05:19:53 deis-1 systemd[1]: deis-store-volume.service start-pre operation timed out. Terminating.
Nov 18 05:19:53 deis-1 systemd[1]: Failed to start deis-store-volume.
Nov 18 05:19:53 deis-1 systemd[1]: Unit deis-store-volume.service entered failed state.
Nov 18 05:19:58 deis-1 systemd[1]: deis-store-volume.service holdoff time over, scheduling restart.
Nov 18 05:19:58 deis-1 systemd[1]: Stopping deis-store-volume...
Nov 18 05:19:58 deis-1 systemd[1]: Starting deis-store-volume...
Nov 18 05:19:58 deis-1 sh[2887]: waiting for store-monitor...
Nov 18 05:21:28 deis-1 systemd[1]: deis-store-volume.service start-pre operation timed out. Terminating.
Nov 18 05:21:28 deis-1 systemd[1]: Failed to start deis-store-volume.
Nov 18 05:21:28 deis-1 systemd[1]: Unit deis-store-volume.service entered failed state.
Nov 18 05:21:33 deis-1 systemd[1]: deis-store-volume.service holdoff time over, scheduling restart.
Nov 18 05:21:33 deis-1 systemd[1]: Stopping deis-store-volume...
Nov 18 05:21:33 deis-1 systemd[1]: Starting deis-store-volume...
Nov 18 05:21:33 deis-1 sh[2999]: waiting for store-monitor...
Nov 18 05:21:33 deis-1 bash[3005]: cut: write error: Broken pipe
Nov 18 05:23:03 deis-1 systemd[1]: deis-store-volume.service start-pre operation timed out. Terminating.
Nov 18 05:23:03 deis-1 systemd[1]: Failed to start deis-store-volume.
Nov 18 05:23:03 deis-1 systemd[1]: Unit deis-store-volume.service entered failed state.
Nov 18 05:23:08 deis-1 systemd[1]: deis-store-volume.service holdoff time over, scheduling restart.
Nov 18 05:23:08 deis-1 systemd[1]: Stopping deis-store-volume...
Nov 18 05:23:08 deis-1 systemd[1]: Starting deis-store-volume...
Nov 18 05:23:08 deis-1 sh[3074]: waiting for store-monitor...
Nov 18 05:23:08 deis-1 bash[3080]: cut: write error: Broken pipe
Nov 18 05:24:39 deis-1 systemd[1]: deis-store-volume.service start-pre operation timed out. Terminating.
Nov 18 05:24:39 deis-1 systemd[1]: Failed to start deis-store-volume.
Nov 18 05:24:39 deis-1 systemd[1]: Unit deis-store-volume.service entered failed state.
Nov 18 05:24:44 deis-1 systemd[1]: deis-store-volume.service holdoff time over, scheduling restart.
Nov 18 05:24:44 deis-1 systemd[1]: Stopping deis-store-volume...
Nov 18 05:24:44 deis-1 systemd[1]: Starting deis-store-volume...
Nov 18 05:24:44 deis-1 sh[3176]: waiting for store-monitor...
Nov 18 05:24:44 deis-1 bash[3182]: cut: write error: Broken pipe
