-- Logs begin at Tue 2014-11-18 04:29:02 UTC, end at Tue 2014-11-18 05:25:19 UTC. --
Nov 18 04:50:37 deis-1 systemd[1]: Starting deis-store-daemon...
Nov 18 04:50:38 deis-1 sh[1808]: Pulling repository deis/store-daemon
Nov 18 04:50:59 deis-1 sh[1808]: Status: Downloaded newer image for deis/store-daemon:v1.0.1
Nov 18 04:51:09 deis-1 systemd[1]: Started deis-store-daemon.
Nov 18 04:51:12 deis-1 sh[1898]: store-daemon: creating OSD...
Nov 18 04:51:27 deis-1 sh[1898]: store-daemon: created OSD 2
Nov 18 04:51:27 deis-1 sh[1898]: store-daemon: OSD not yet initialized. Initializing...
Nov 18 04:51:27 deis-1 sh[1898]: 2014-11-18 04:51:27.641260 7f316ff49900  0 ceph version 0.87 (c51c8f9d80fa4e0168aa52685b8de40e42758578), process ceph-osd, pid 73
Nov 18 04:51:27 deis-1 sh[1898]: 2014-11-18 04:51:27.677590 7f316ff49900  1 filestore(/var/lib/ceph/osd/ceph-2) mkfs in /var/lib/ceph/osd/ceph-2
Nov 18 04:51:27 deis-1 sh[1898]: 2014-11-18 04:51:27.677827 7f316ff49900  1 filestore(/var/lib/ceph/osd/ceph-2) mkfs generated fsid 5e746f66-c55f-4604-b8f9-e1f84d6c92d1
Nov 18 04:51:27 deis-1 sh[1898]: 2014-11-18 04:51:27.683890 7f316ff49900  0 filestore(/var/lib/ceph/osd/ceph-2) backend btrfs (magic 0x9123683e)
Nov 18 04:51:28 deis-1 sh[1898]: 2014-11-18 04:51:28.138479 7f316ff49900 -1 journal FileJournal::_open: disabling aio for non-block journal.  Use journal_force_aio to force use of aio anyway
Nov 18 04:51:28 deis-1 sh[1898]: 2014-11-18 04:51:28.137237 7f316ff49900  1 filestore(/var/lib/ceph/osd/ceph-2) leveldb db exists/created
Nov 18 04:51:28 deis-1 sh[1898]: 2014-11-18 04:51:28.138479 7f316ff49900 -1 journal FileJournal::_open: disabling aio for non-block journal.  Use journal_force_aio to force use of aio anyway
Nov 18 04:51:28 deis-1 sh[1898]: 2014-11-18 04:51:28.145822 7f316ff49900  1 journal _open /var/lib/ceph/osd/ceph-2/journal fd 10: 5368709120 bytes, block size 4096 bytes, directio = 1, aio = 0
Nov 18 04:51:28 deis-1 sh[1898]: 2014-11-18 04:51:28.377304 7f316ff49900  0 filestore(/var/lib/ceph/osd/ceph-2) mkjournal created journal on /var/lib/ceph/osd/ceph-2/journal
Nov 18 04:51:28 deis-1 sh[1898]: 2014-11-18 04:51:28.377369 7f316ff49900  1 filestore(/var/lib/ceph/osd/ceph-2) mkfs done in /var/lib/ceph/osd/ceph-2
Nov 18 04:51:28 deis-1 sh[1898]: 2014-11-18 04:51:28.377573 7f316ff49900  0 filestore(/var/lib/ceph/osd/ceph-2) backend btrfs (magic 0x9123683e)
Nov 18 04:51:28 deis-1 sh[1898]: 2014-11-18 04:51:28.381822 7f316ff49900  0 genericfilestorebackend(/var/lib/ceph/osd/ceph-2) detect_features: FIEMAP ioctl is supported and appears to work
Nov 18 04:51:28 deis-1 sh[1898]: 2014-11-18 04:51:28.381873 7f316ff49900  0 genericfilestorebackend(/var/lib/ceph/osd/ceph-2) detect_features: FIEMAP ioctl is disabled via 'filestore fiemap' config option
Nov 18 04:51:28 deis-1 sh[1898]: 2014-11-18 04:51:28.703860 7f316ff49900  0 genericfilestorebackend(/var/lib/ceph/osd/ceph-2) detect_features: syncfs(2) syscall fully supported (by glibc and kernel)
Nov 18 04:51:28 deis-1 sh[1898]: 2014-11-18 04:51:28.704099 7f316ff49900  0 btrfsfilestorebackend(/var/lib/ceph/osd/ceph-2) detect_feature: CLONE_RANGE ioctl is supported
Nov 18 04:51:28 deis-1 sh[1898]: 2014-11-18 04:51:28.848087 7f316ff49900  0 btrfsfilestorebackend(/var/lib/ceph/osd/ceph-2) detect_feature: SNAP_CREATE is supported
Nov 18 04:51:28 deis-1 sh[1898]: 2014-11-18 04:51:28.849282 7f316ff49900  0 btrfsfilestorebackend(/var/lib/ceph/osd/ceph-2) detect_feature: SNAP_DESTROY failed: (1) Operation not permitted
Nov 18 04:51:28 deis-1 sh[1898]: 2014-11-18 04:51:28.849344 7f316ff49900  0 btrfsfilestorebackend(/var/lib/ceph/osd/ceph-2) detect_feature: snaps enabled, but no SNAP_DESTROY ioctl; DISABLING
Nov 18 04:51:28 deis-1 sh[1898]: 2014-11-18 04:51:28.849471 7f316ff49900  0 btrfsfilestorebackend(/var/lib/ceph/osd/ceph-2) detect_feature: START_SYNC is supported (transid 97)
Nov 18 04:51:28 deis-1 sh[1898]: 2014-11-18 04:51:28.878475 7f316ff49900  0 btrfsfilestorebackend(/var/lib/ceph/osd/ceph-2) detect_feature: WAIT_SYNC is supported
Nov 18 04:51:28 deis-1 sh[1898]: 2014-11-18 04:51:28.903173 7f316ff49900  0 btrfsfilestorebackend(/var/lib/ceph/osd/ceph-2) detect_feature: SNAP_CREATE_V2 is supported
Nov 18 04:51:28 deis-1 sh[1898]: 2014-11-18 04:51:28.903261 7f316ff49900  0 btrfsfilestorebackend(/var/lib/ceph/osd/ceph-2) detect_feature: SNAP_DESTROY failed: (1) Operation not permitted
Nov 18 04:51:28 deis-1 sh[1898]: 2014-11-18 04:51:28.903311 7f316ff49900  0 btrfsfilestorebackend(/var/lib/ceph/osd/ceph-2) detect_feature: failed to remove test_subvol: (1) Operation not permitted
Nov 18 04:51:28 deis-1 sh[1898]: 2014-11-18 04:51:28.916716 7f316ff49900  0 filestore(/var/lib/ceph/osd/ceph-2) mount: enabling WRITEAHEAD journal mode: checkpoint is not enabled
Nov 18 04:51:28 deis-1 sh[1898]: 2014-11-18 04:51:28.916890 7f316ff49900 -1 journal FileJournal::_open: disabling aio for non-block journal.  Use journal_force_aio to force use of aio anyway
Nov 18 04:51:28 deis-1 sh[1898]: 2014-11-18 04:51:28.916935 7f316ff49900  1 journal _open /var/lib/ceph/osd/ceph-2/journal fd 16: 5368709120 bytes, block size 4096 bytes, directio = 1, aio = 0
Nov 18 04:51:28 deis-1 sh[1898]: 2014-11-18 04:51:28.916890 7f316ff49900 -1 journal FileJournal::_open: disabling aio for non-block journal.  Use journal_force_aio to force use of aio anyway
Nov 18 04:51:28 deis-1 sh[1898]: 2014-11-18 04:51:28.919078 7f316ff49900  1 journal _open /var/lib/ceph/osd/ceph-2/journal fd 16: 5368709120 bytes, block size 4096 bytes, directio = 1, aio = 0
Nov 18 04:51:28 deis-1 sh[1898]: 2014-11-18 04:51:28.919360 7f316ff49900 -1 filestore(/var/lib/ceph/osd/ceph-2) could not find 23c2fcde/osd_superblock/0//-1 in index: (2) No such file or directory
Nov 18 04:51:28 deis-1 sh[1898]: 2014-11-18 04:51:28.919360 7f316ff49900 -1 filestore(/var/lib/ceph/osd/ceph-2) could not find 23c2fcde/osd_superblock/0//-1 in index: (2) No such file or directory
Nov 18 04:51:29 deis-1 sh[1898]: 2014-11-18 04:51:29.223363 7f316ff49900  1 journal close /var/lib/ceph/osd/ceph-2/journal
Nov 18 04:51:29 deis-1 sh[1898]: 2014-11-18 04:51:29.243403 7f316ff49900 -1 created object store /var/lib/ceph/osd/ceph-2 journal /var/lib/ceph/osd/ceph-2/journal for osd.2 fsid 297e412d-3fa8-42f2-940c-e79d252fc125
Nov 18 04:51:29 deis-1 sh[1898]: 2014-11-18 04:51:29.243403 7f316ff49900 -1 created object store /var/lib/ceph/osd/ceph-2 journal /var/lib/ceph/osd/ceph-2/journal for osd.2 fsid 297e412d-3fa8-42f2-940c-e79d252fc125
Nov 18 04:51:50 deis-1 sh[1898]: add item id 2 name 'osd.2' weight 1 at location {host=deis-1,root=default} to crush map
Nov 18 04:51:50 deis-1 sh[1898]: store-daemon: starting daemon on deis-1...
Nov 18 04:51:50 deis-1 sh[1898]: starting osd.2 at :/0 osd_data /var/lib/ceph/osd/ceph-2 /var/lib/ceph/osd/ceph-2/journal
Nov 18 04:51:50 deis-1 sh[1898]: 2014-11-18 04:51:50.682100 7f97fc3be900  0 ceph version 0.87 (c51c8f9d80fa4e0168aa52685b8de40e42758578), process ceph-osd, pid 1
Nov 18 04:51:50 deis-1 sh[1898]: 2014-11-18 04:51:50.685399 7f97fc3be900  0 filestore(/var/lib/ceph/osd/ceph-2) backend btrfs (magic 0x9123683e)
Nov 18 04:51:50 deis-1 sh[1898]: 2014-11-18 04:51:50.760565 7f97fc3be900  0 genericfilestorebackend(/var/lib/ceph/osd/ceph-2) detect_features: FIEMAP ioctl is supported and appears to work
Nov 18 04:51:50 deis-1 sh[1898]: 2014-11-18 04:51:50.760615 7f97fc3be900  0 genericfilestorebackend(/var/lib/ceph/osd/ceph-2) detect_features: FIEMAP ioctl is disabled via 'filestore fiemap' config option
Nov 18 04:51:50 deis-1 sh[1898]: 2014-11-18 04:51:50.974841 7f97fc3be900  0 genericfilestorebackend(/var/lib/ceph/osd/ceph-2) detect_features: syncfs(2) syscall fully supported (by glibc and kernel)
Nov 18 04:51:50 deis-1 sh[1898]: 2014-11-18 04:51:50.975228 7f97fc3be900  0 btrfsfilestorebackend(/var/lib/ceph/osd/ceph-2) detect_feature: CLONE_RANGE ioctl is supported
Nov 18 04:51:50 deis-1 sh[1898]: 2014-11-18 04:51:50.976995 7f97fc3be900  0 btrfsfilestorebackend(/var/lib/ceph/osd/ceph-2) detect_feature: failed to create simple subvolume test_subvol: (17) File exists
Nov 18 04:51:51 deis-1 sh[1898]: 2014-11-18 04:51:50.977088 7f97fc3be900  0 btrfsfilestorebackend(/var/lib/ceph/osd/ceph-2) detect_feature: SNAP_CREATE is supported
Nov 18 04:51:51 deis-1 sh[1898]: 2014-11-18 04:51:50.977127 7f97fc3be900  0 btrfsfilestorebackend(/var/lib/ceph/osd/ceph-2) detect_feature: SNAP_DESTROY failed: (1) Operation not permitted
Nov 18 04:51:51 deis-1 sh[1898]: 2014-11-18 04:51:50.977170 7f97fc3be900  0 btrfsfilestorebackend(/var/lib/ceph/osd/ceph-2) detect_feature: snaps enabled, but no SNAP_DESTROY ioctl; DISABLING
Nov 18 04:51:51 deis-1 sh[1898]: 2014-11-18 04:51:50.977598 7f97fc3be900  0 btrfsfilestorebackend(/var/lib/ceph/osd/ceph-2) detect_feature: START_SYNC is supported (transid 104)
Nov 18 04:51:51 deis-1 sh[1898]: 2014-11-18 04:51:51.005532 7f97fc3be900  0 btrfsfilestorebackend(/var/lib/ceph/osd/ceph-2) detect_feature: WAIT_SYNC is supported
Nov 18 04:51:51 deis-1 sh[1898]: 2014-11-18 04:51:51.005634 7f97fc3be900  0 btrfsfilestorebackend(/var/lib/ceph/osd/ceph-2) detect_feature: removing old async_snap_test
Nov 18 04:51:51 deis-1 sh[1898]: 2014-11-18 04:51:51.005681 7f97fc3be900  0 btrfsfilestorebackend(/var/lib/ceph/osd/ceph-2) detect_feature: failed to remove old async_snap_test: (1) Operation not permitted
Nov 18 04:51:51 deis-1 sh[1898]: 2014-11-18 04:51:51.005756 7f97fc3be900  0 btrfsfilestorebackend(/var/lib/ceph/osd/ceph-2) detect_feature: SNAP_CREATE_V2 is supported
Nov 18 04:51:51 deis-1 sh[1898]: 2014-11-18 04:51:51.005798 7f97fc3be900  0 btrfsfilestorebackend(/var/lib/ceph/osd/ceph-2) detect_feature: SNAP_DESTROY failed: (1) Operation not permitted
Nov 18 04:51:51 deis-1 sh[1898]: 2014-11-18 04:51:51.005838 7f97fc3be900  0 btrfsfilestorebackend(/var/lib/ceph/osd/ceph-2) detect_feature: failed to remove test_subvol: (1) Operation not permitted
Nov 18 04:51:51 deis-1 sh[1898]: 2014-11-18 04:51:51.032084 7f97fc3be900  0 filestore(/var/lib/ceph/osd/ceph-2) mount: enabling WRITEAHEAD journal mode: checkpoint is not enabled
Nov 18 04:51:51 deis-1 sh[1898]: 2014-11-18 04:51:51.035355 7f97fc3be900 -1 journal FileJournal::_open: disabling aio for non-block journal.  Use journal_force_aio to force use of aio anyway
Nov 18 04:51:51 deis-1 sh[1898]: 2014-11-18 04:51:51.047204 7f97fc3be900  1 journal _open /var/lib/ceph/osd/ceph-2/journal fd 19: 5368709120 bytes, block size 4096 bytes, directio = 1, aio = 0
Nov 18 04:51:51 deis-1 sh[1898]: 2014-11-18 04:51:51.055351 7f97fc3be900  1 journal _open /var/lib/ceph/osd/ceph-2/journal fd 19: 5368709120 bytes, block size 4096 bytes, directio = 1, aio = 0
Nov 18 04:51:51 deis-1 sh[1898]: 2014-11-18 04:51:51.058330 7f97fc3be900  1 journal close /var/lib/ceph/osd/ceph-2/journal
-- Reboot --
Nov 18 05:05:59 deis-1 systemd[1]: Starting deis-store-daemon...
Nov 18 05:06:22 deis-1 systemd[1]: Started deis-store-daemon.
Nov 18 05:06:22 deis-1 sh[1440]: store-daemon: starting daemon on deis-1...
Nov 18 05:06:22 deis-1 sh[1440]: starting osd.2 at :/0 osd_data /var/lib/ceph/osd/ceph-2 /var/lib/ceph/osd/ceph-2/journal
Nov 18 05:06:22 deis-1 sh[1440]: 2014-11-18 05:06:22.785353 7fa55df3a900  0 ceph version 0.87 (c51c8f9d80fa4e0168aa52685b8de40e42758578), process ceph-osd, pid 1
Nov 18 05:06:22 deis-1 sh[1440]: 2014-11-18 05:06:22.806628 7fa55df3a900  0 filestore(/var/lib/ceph/osd/ceph-2) backend btrfs (magic 0x9123683e)
Nov 18 05:06:22 deis-1 sh[1440]: 2014-11-18 05:06:22.823103 7fa55df3a900  0 genericfilestorebackend(/var/lib/ceph/osd/ceph-2) detect_features: FIEMAP ioctl is supported and appears to work
Nov 18 05:06:22 deis-1 sh[1440]: 2014-11-18 05:06:22.823170 7fa55df3a900  0 genericfilestorebackend(/var/lib/ceph/osd/ceph-2) detect_features: FIEMAP ioctl is disabled via 'filestore fiemap' config option
Nov 18 05:06:22 deis-1 sh[1440]: 2014-11-18 05:06:22.877054 7fa55df3a900  0 genericfilestorebackend(/var/lib/ceph/osd/ceph-2) detect_features: syncfs(2) syscall fully supported (by glibc and kernel)
Nov 18 05:06:22 deis-1 sh[1440]: 2014-11-18 05:06:22.878841 7fa55df3a900  0 btrfsfilestorebackend(/var/lib/ceph/osd/ceph-2) detect_feature: CLONE_RANGE ioctl is supported
Nov 18 05:06:22 deis-1 sh[1440]: 2014-11-18 05:06:22.883874 7fa55df3a900  0 btrfsfilestorebackend(/var/lib/ceph/osd/ceph-2) detect_feature: failed to create simple subvolume test_subvol: (17) File exists
Nov 18 05:06:22 deis-1 sh[1440]: 2014-11-18 05:06:22.888219 7fa55df3a900  0 btrfsfilestorebackend(/var/lib/ceph/osd/ceph-2) detect_feature: SNAP_CREATE is supported
Nov 18 05:06:22 deis-1 sh[1440]: 2014-11-18 05:06:22.888746 7fa55df3a900  0 btrfsfilestorebackend(/var/lib/ceph/osd/ceph-2) detect_feature: SNAP_DESTROY failed: (1) Operation not permitted
Nov 18 05:06:22 deis-1 sh[1440]: 2014-11-18 05:06:22.889924 7fa55df3a900  0 btrfsfilestorebackend(/var/lib/ceph/osd/ceph-2) detect_feature: snaps enabled, but no SNAP_DESTROY ioctl; DISABLING
Nov 18 05:06:22 deis-1 sh[1440]: 2014-11-18 05:06:22.891495 7fa55df3a900  0 btrfsfilestorebackend(/var/lib/ceph/osd/ceph-2) detect_feature: START_SYNC is supported (transid 119)
Nov 18 05:06:22 deis-1 sh[1440]: 2014-11-18 05:06:22.911140 7fa55df3a900  0 btrfsfilestorebackend(/var/lib/ceph/osd/ceph-2) detect_feature: WAIT_SYNC is supported
Nov 18 05:06:22 deis-1 sh[1440]: 2014-11-18 05:06:22.919238 7fa55df3a900  0 btrfsfilestorebackend(/var/lib/ceph/osd/ceph-2) detect_feature: removing old async_snap_test
Nov 18 05:06:22 deis-1 sh[1440]: 2014-11-18 05:06:22.919612 7fa55df3a900  0 btrfsfilestorebackend(/var/lib/ceph/osd/ceph-2) detect_feature: failed to remove old async_snap_test: (1) Operation not permitted
Nov 18 05:06:22 deis-1 sh[1440]: 2014-11-18 05:06:22.920039 7fa55df3a900  0 btrfsfilestorebackend(/var/lib/ceph/osd/ceph-2) detect_feature: SNAP_CREATE_V2 is supported
Nov 18 05:06:22 deis-1 sh[1440]: 2014-11-18 05:06:22.921511 7fa55df3a900  0 btrfsfilestorebackend(/var/lib/ceph/osd/ceph-2) detect_feature: SNAP_DESTROY failed: (1) Operation not permitted
Nov 18 05:06:22 deis-1 sh[1440]: 2014-11-18 05:06:22.922164 7fa55df3a900  0 btrfsfilestorebackend(/var/lib/ceph/osd/ceph-2) detect_feature: failed to remove test_subvol: (1) Operation not permitted
Nov 18 05:06:22 deis-1 sh[1440]: 2014-11-18 05:06:22.940584 7fa55df3a900  0 filestore(/var/lib/ceph/osd/ceph-2) mount: enabling WRITEAHEAD journal mode: checkpoint is not enabled
Nov 18 05:06:22 deis-1 sh[1440]: 2014-11-18 05:06:22.944845 7fa55df3a900 -1 journal FileJournal::_open: disabling aio for non-block journal.  Use journal_force_aio to force use of aio anyway
Nov 18 05:06:22 deis-1 sh[1440]: 2014-11-18 05:06:22.946018 7fa55df3a900  1 journal _open /var/lib/ceph/osd/ceph-2/journal fd 19: 5368709120 bytes, block size 4096 bytes, directio = 1, aio = 0
Nov 18 05:06:22 deis-1 sh[1440]: 2014-11-18 05:06:22.956922 7fa55df3a900  1 journal _open /var/lib/ceph/osd/ceph-2/journal fd 19: 5368709120 bytes, block size 4096 bytes, directio = 1, aio = 0
Nov 18 05:06:22 deis-1 sh[1440]: 2014-11-18 05:06:22.968746 7fa55df3a900  1 journal close /var/lib/ceph/osd/ceph-2/journal
Nov 18 05:06:27 deis-1 systemd[1]: Stopping deis-store-daemon...
Nov 18 05:06:28 deis-1 sh[1440]: 2014/11/18 05:06:28 Error response from daemon: No such container: 6985ea1fca880d77c44e60aa86fc10d34c73754bc6c0ef61cebe8a651a751bdc
Nov 18 05:06:28 deis-1 systemd[1]: Stopped deis-store-daemon.
Nov 18 05:06:28 deis-1 docker[1729]: deis-store-daemon
Nov 18 05:06:54 deis-1 systemd[1]: Starting deis-store-daemon...
Nov 18 05:07:05 deis-1 systemd[1]: Started deis-store-daemon.
Nov 18 05:07:05 deis-1 sh[1939]: store-daemon: starting daemon on deis-1...
Nov 18 05:07:05 deis-1 sh[1939]: starting osd.2 at :/0 osd_data /var/lib/ceph/osd/ceph-2 /var/lib/ceph/osd/ceph-2/journal
Nov 18 05:07:05 deis-1 sh[1939]: 2014-11-18 05:07:05.669155 7fce9386f900  0 ceph version 0.87 (c51c8f9d80fa4e0168aa52685b8de40e42758578), process ceph-osd, pid 1
Nov 18 05:07:05 deis-1 sh[1939]: 2014-11-18 05:07:05.678883 7fce9386f900  0 filestore(/var/lib/ceph/osd/ceph-2) backend btrfs (magic 0x9123683e)
Nov 18 05:07:05 deis-1 sh[1939]: 2014-11-18 05:07:05.687368 7fce9386f900  0 genericfilestorebackend(/var/lib/ceph/osd/ceph-2) detect_features: FIEMAP ioctl is supported and appears to work
Nov 18 05:07:05 deis-1 sh[1939]: 2014-11-18 05:07:05.687740 7fce9386f900  0 genericfilestorebackend(/var/lib/ceph/osd/ceph-2) detect_features: FIEMAP ioctl is disabled via 'filestore fiemap' config option
Nov 18 05:07:05 deis-1 sh[1939]: 2014-11-18 05:07:05.776834 7fce9386f900  0 genericfilestorebackend(/var/lib/ceph/osd/ceph-2) detect_features: syncfs(2) syscall fully supported (by glibc and kernel)
Nov 18 05:07:05 deis-1 sh[1939]: 2014-11-18 05:07:05.778038 7fce9386f900  0 btrfsfilestorebackend(/var/lib/ceph/osd/ceph-2) detect_feature: CLONE_RANGE ioctl is supported
Nov 18 05:07:05 deis-1 sh[1939]: 2014-11-18 05:07:05.781310 7fce9386f900  0 btrfsfilestorebackend(/var/lib/ceph/osd/ceph-2) detect_feature: failed to create simple subvolume test_subvol: (17) File exists
Nov 18 05:07:05 deis-1 sh[1939]: 2014-11-18 05:07:05.781646 7fce9386f900  0 btrfsfilestorebackend(/var/lib/ceph/osd/ceph-2) detect_feature: SNAP_CREATE is supported
Nov 18 05:07:05 deis-1 sh[1939]: 2014-11-18 05:07:05.782318 7fce9386f900  0 btrfsfilestorebackend(/var/lib/ceph/osd/ceph-2) detect_feature: SNAP_DESTROY failed: (1) Operation not permitted
Nov 18 05:07:05 deis-1 sh[1939]: 2014-11-18 05:07:05.782745 7fce9386f900  0 btrfsfilestorebackend(/var/lib/ceph/osd/ceph-2) detect_feature: snaps enabled, but no SNAP_DESTROY ioctl; DISABLING
Nov 18 05:07:05 deis-1 sh[1939]: 2014-11-18 05:07:05.785847 7fce9386f900  0 btrfsfilestorebackend(/var/lib/ceph/osd/ceph-2) detect_feature: START_SYNC is supported (transid 128)
Nov 18 05:07:05 deis-1 sh[1939]: 2014-11-18 05:07:05.792958 7fce9386f900  0 btrfsfilestorebackend(/var/lib/ceph/osd/ceph-2) detect_feature: WAIT_SYNC is supported
Nov 18 05:07:05 deis-1 sh[1939]: 2014-11-18 05:07:05.793244 7fce9386f900  0 btrfsfilestorebackend(/var/lib/ceph/osd/ceph-2) detect_feature: removing old async_snap_test
Nov 18 05:07:05 deis-1 sh[1939]: 2014-11-18 05:07:05.793876 7fce9386f900  0 btrfsfilestorebackend(/var/lib/ceph/osd/ceph-2) detect_feature: failed to remove old async_snap_test: (1) Operation not permitted
Nov 18 05:07:05 deis-1 sh[1939]: 2014-11-18 05:07:05.797381 7fce9386f900  0 btrfsfilestorebackend(/var/lib/ceph/osd/ceph-2) detect_feature: SNAP_CREATE_V2 is supported
Nov 18 05:07:05 deis-1 sh[1939]: 2014-11-18 05:07:05.798134 7fce9386f900  0 btrfsfilestorebackend(/var/lib/ceph/osd/ceph-2) detect_feature: SNAP_DESTROY failed: (1) Operation not permitted
Nov 18 05:07:05 deis-1 sh[1939]: 2014-11-18 05:07:05.799230 7fce9386f900  0 btrfsfilestorebackend(/var/lib/ceph/osd/ceph-2) detect_feature: failed to remove test_subvol: (1) Operation not permitted
Nov 18 05:07:05 deis-1 sh[1939]: 2014-11-18 05:07:05.822115 7fce9386f900  0 filestore(/var/lib/ceph/osd/ceph-2) mount: enabling WRITEAHEAD journal mode: checkpoint is not enabled
Nov 18 05:07:05 deis-1 sh[1939]: 2014-11-18 05:07:05.824561 7fce9386f900 -1 journal FileJournal::_open: disabling aio for non-block journal.  Use journal_force_aio to force use of aio anyway
Nov 18 05:07:05 deis-1 sh[1939]: 2014-11-18 05:07:05.824973 7fce9386f900  1 journal _open /var/lib/ceph/osd/ceph-2/journal fd 19: 5368709120 bytes, block size 4096 bytes, directio = 1, aio = 0
Nov 18 05:07:05 deis-1 sh[1939]: 2014-11-18 05:07:05.846132 7fce9386f900  1 journal _open /var/lib/ceph/osd/ceph-2/journal fd 19: 5368709120 bytes, block size 4096 bytes, directio = 1, aio = 0
Nov 18 05:07:05 deis-1 sh[1939]: 2014-11-18 05:07:05.857703 7fce9386f900  1 journal close /var/lib/ceph/osd/ceph-2/journal
