Nov 18 05:07:12 deis-3 systemd[1]: Starting deis-store-volume...
Nov 18 05:07:12 deis-3 sh[1901]: waiting for store-monitor...
Nov 18 05:07:12 deis-3 bash[1909]: cut: write error: Broken pipe
Nov 18 05:08:42 deis-3 systemd[1]: deis-store-volume.service start-pre operation timed out. Terminating.
Nov 18 05:08:42 deis-3 systemd[1]: Failed to start deis-store-volume.
Nov 18 05:08:42 deis-3 systemd[1]: Unit deis-store-volume.service entered failed state.
Nov 18 05:08:47 deis-3 systemd[1]: deis-store-volume.service holdoff time over, scheduling restart.
Nov 18 05:08:47 deis-3 systemd[1]: Stopping deis-store-volume...
Nov 18 05:08:47 deis-3 systemd[1]: Starting deis-store-volume...
Nov 18 05:08:47 deis-3 sh[1962]: waiting for store-monitor...
Nov 18 05:08:47 deis-3 bash[1968]: cut: write error: Broken pipe
Nov 18 05:10:20 deis-3 systemd[1]: deis-store-volume.service start-pre operation timed out. Terminating.
Nov 18 05:10:20 deis-3 systemd[1]: Failed to start deis-store-volume.
Nov 18 05:10:20 deis-3 systemd[1]: Unit deis-store-volume.service entered failed state.
Nov 18 05:10:25 deis-3 systemd[1]: deis-store-volume.service holdoff time over, scheduling restart.
Nov 18 05:10:25 deis-3 systemd[1]: Stopping deis-store-volume...
Nov 18 05:10:25 deis-3 systemd[1]: Starting deis-store-volume...
Nov 18 05:10:25 deis-3 sh[2027]: waiting for store-monitor...
Nov 18 05:11:55 deis-3 systemd[1]: deis-store-volume.service start-pre operation timed out. Terminating.
Nov 18 05:11:55 deis-3 systemd[1]: Failed to start deis-store-volume.
Nov 18 05:11:55 deis-3 systemd[1]: Unit deis-store-volume.service entered failed state.
Nov 18 05:12:00 deis-3 systemd[1]: deis-store-volume.service holdoff time over, scheduling restart.
Nov 18 05:12:00 deis-3 systemd[1]: Stopping deis-store-volume...
Nov 18 05:12:00 deis-3 systemd[1]: Starting deis-store-volume...
Nov 18 05:12:00 deis-3 sh[2088]: waiting for store-monitor...
Nov 18 05:13:31 deis-3 systemd[1]: deis-store-volume.service start-pre operation timed out. Terminating.
Nov 18 05:13:31 deis-3 systemd[1]: Failed to start deis-store-volume.
Nov 18 05:13:31 deis-3 systemd[1]: Unit deis-store-volume.service entered failed state.
Nov 18 05:13:36 deis-3 systemd[1]: deis-store-volume.service holdoff time over, scheduling restart.
Nov 18 05:13:36 deis-3 systemd[1]: Stopping deis-store-volume...
Nov 18 05:13:36 deis-3 systemd[1]: Starting deis-store-volume...
Nov 18 05:13:36 deis-3 sh[2172]: waiting for store-monitor...
Nov 18 05:13:36 deis-3 bash[2178]: cut: write error: Broken pipe
Nov 18 05:15:06 deis-3 systemd[1]: deis-store-volume.service start-pre operation timed out. Terminating.
Nov 18 05:15:06 deis-3 systemd[1]: Failed to start deis-store-volume.
Nov 18 05:15:06 deis-3 systemd[1]: Unit deis-store-volume.service entered failed state.
Nov 18 05:15:11 deis-3 systemd[1]: deis-store-volume.service holdoff time over, scheduling restart.
Nov 18 05:15:11 deis-3 systemd[1]: Stopping deis-store-volume...
Nov 18 05:15:11 deis-3 systemd[1]: Starting deis-store-volume...
Nov 18 05:15:11 deis-3 sh[2238]: waiting for store-monitor...
Nov 18 05:15:11 deis-3 bash[2244]: cut: write error: Broken pipe
Nov 18 05:16:42 deis-3 systemd[1]: deis-store-volume.service start-pre operation timed out. Terminating.
Nov 18 05:16:42 deis-3 systemd[1]: Failed to start deis-store-volume.
Nov 18 05:16:42 deis-3 systemd[1]: Unit deis-store-volume.service entered failed state.
Nov 18 05:16:47 deis-3 systemd[1]: deis-store-volume.service holdoff time over, scheduling restart.
Nov 18 05:16:47 deis-3 systemd[1]: Stopping deis-store-volume...
Nov 18 05:16:47 deis-3 systemd[1]: Starting deis-store-volume...
Nov 18 05:16:47 deis-3 sh[2314]: waiting for store-monitor...
Nov 18 05:16:47 deis-3 bash[2321]: cut: write error: Broken pipe
Nov 18 05:18:17 deis-3 systemd[1]: deis-store-volume.service start-pre operation timed out. Terminating.
Nov 18 05:18:17 deis-3 systemd[1]: Failed to start deis-store-volume.
Nov 18 05:18:17 deis-3 systemd[1]: Unit deis-store-volume.service entered failed state.
Nov 18 05:18:22 deis-3 systemd[1]: deis-store-volume.service holdoff time over, scheduling restart.
Nov 18 05:18:22 deis-3 systemd[1]: Stopping deis-store-volume...
Nov 18 05:18:22 deis-3 systemd[1]: Starting deis-store-volume...
Nov 18 05:18:22 deis-3 sh[2373]: waiting for store-monitor...
Nov 18 05:18:22 deis-3 bash[2380]: cut: write error: Broken pipe
Nov 18 05:19:53 deis-3 systemd[1]: deis-store-volume.service start-pre operation timed out. Terminating.
Nov 18 05:19:53 deis-3 systemd[1]: Failed to start deis-store-volume.
Nov 18 05:19:53 deis-3 systemd[1]: Unit deis-store-volume.service entered failed state.
Nov 18 05:19:58 deis-3 systemd[1]: deis-store-volume.service holdoff time over, scheduling restart.
Nov 18 05:19:58 deis-3 systemd[1]: Stopping deis-store-volume...
Nov 18 05:19:58 deis-3 systemd[1]: Starting deis-store-volume...
Nov 18 05:19:58 deis-3 sh[2422]: waiting for store-monitor...
Nov 18 05:19:58 deis-3 bash[2428]: cut: write error: Broken pipe
Nov 18 05:21:28 deis-3 systemd[1]: deis-store-volume.service start-pre operation timed out. Terminating.
Nov 18 05:21:28 deis-3 systemd[1]: Failed to start deis-store-volume.
Nov 18 05:21:28 deis-3 systemd[1]: Unit deis-store-volume.service entered failed state.
Nov 18 05:21:33 deis-3 systemd[1]: deis-store-volume.service holdoff time over, scheduling restart.
Nov 18 05:21:33 deis-3 systemd[1]: Stopping deis-store-volume...
Nov 18 05:21:33 deis-3 systemd[1]: Starting deis-store-volume...
Nov 18 05:21:33 deis-3 sh[2517]: waiting for store-monitor...
Nov 18 05:21:33 deis-3 bash[2523]: cut: write error: Broken pipe
Nov 18 05:23:04 deis-3 systemd[1]: deis-store-volume.service start-pre operation timed out. Terminating.
Nov 18 05:23:04 deis-3 systemd[1]: Failed to start deis-store-volume.
Nov 18 05:23:04 deis-3 systemd[1]: Unit deis-store-volume.service entered failed state.
Nov 18 05:23:09 deis-3 systemd[1]: deis-store-volume.service holdoff time over, scheduling restart.
Nov 18 05:23:09 deis-3 systemd[1]: Stopping deis-store-volume...
Nov 18 05:23:09 deis-3 systemd[1]: Starting deis-store-volume...
Nov 18 05:23:09 deis-3 sh[2568]: waiting for store-monitor...
Nov 18 05:23:09 deis-3 bash[2574]: cut: write error: Broken pipe
Nov 18 05:24:39 deis-3 systemd[1]: deis-store-volume.service start-pre operation timed out. Terminating.
Nov 18 05:24:39 deis-3 systemd[1]: Failed to start deis-store-volume.
Nov 18 05:24:39 deis-3 systemd[1]: Unit deis-store-volume.service entered failed state.
Nov 18 05:24:44 deis-3 systemd[1]: deis-store-volume.service holdoff time over, scheduling restart.
Nov 18 05:24:44 deis-3 systemd[1]: Stopping deis-store-volume...
Nov 18 05:24:44 deis-3 systemd[1]: Starting deis-store-volume...
Nov 18 05:24:44 deis-3 sh[2627]: waiting for store-monitor...
Nov 18 05:26:14 deis-3 systemd[1]: deis-store-volume.service start-pre operation timed out. Terminating.
Nov 18 05:26:14 deis-3 systemd[1]: Failed to start deis-store-volume.
Nov 18 05:26:14 deis-3 systemd[1]: Unit deis-store-volume.service entered failed state.
Nov 18 05:26:20 deis-3 systemd[1]: deis-store-volume.service holdoff time over, scheduling restart.
Nov 18 05:26:20 deis-3 systemd[1]: Stopping deis-store-volume...
Nov 18 05:26:20 deis-3 systemd[1]: Starting deis-store-volume...
Nov 18 05:26:20 deis-3 sh[2713]: waiting for store-monitor...
Nov 18 05:26:20 deis-3 bash[2719]: cut: write error: Broken pipe
Nov 18 05:27:50 deis-3 systemd[1]: deis-store-volume.service start-pre operation timed out. Terminating.
Nov 18 05:27:50 deis-3 systemd[1]: Failed to start deis-store-volume.
Nov 18 05:27:50 deis-3 systemd[1]: Unit deis-store-volume.service entered failed state.
Nov 18 05:27:55 deis-3 systemd[1]: deis-store-volume.service holdoff time over, scheduling restart.
Nov 18 05:27:55 deis-3 systemd[1]: Stopping deis-store-volume...
Nov 18 05:27:55 deis-3 systemd[1]: Starting deis-store-volume...
Nov 18 05:27:55 deis-3 sh[2768]: waiting for store-monitor...
Nov 18 05:29:25 deis-3 systemd[1]: deis-store-volume.service start-pre operation timed out. Terminating.
Nov 18 05:29:25 deis-3 systemd[1]: Failed to start deis-store-volume.
Nov 18 05:29:25 deis-3 systemd[1]: Unit deis-store-volume.service entered failed state.
Nov 18 05:29:30 deis-3 systemd[1]: deis-store-volume.service holdoff time over, scheduling restart.
Nov 18 05:29:30 deis-3 systemd[1]: Stopping deis-store-volume...
Nov 18 05:29:30 deis-3 systemd[1]: Starting deis-store-volume...
Nov 18 05:29:30 deis-3 sh[2859]: waiting for store-monitor...
